<?xml version="1.0" encoding="UTF-8"?>
<!-- Generated by org.testng.reporters.JUnitReportReporter -->
<testsuite hostname="YCSLAP0420" failures="0" tests="1" name="Testngs.TestScript" time="18.504" errors="0" timestamp="2023-07-19T11:06:41 IST" skipped="0">
  <testcase classname="Testngs.TestScript" name="Test1" time="18.504">
    <system-out>
      <![CDATA[1590.00]]>
    </system-out>
  </testcase> <!-- Test1 -->
  <system-out>
    <![CDATA[1590.00]]>
  </system-out>
</testsuite> <!-- Testngs.TestScript -->
